[   0.00000 Initializing cgroup subsys cpuset
[    0.000000] Initializing cgroup subsys cpu
[    0.000000] Initializing cgroup subsys cpuacct
[    0.000000] Linx veron 4.4.137-generic (buildd@lgw01-amd64-037) (gcc version 5.4.0 20160609 (Ubuntu 5.4.0-6ubuntu1~16.04.10) ) #163-Ubuntu SMP Mon Sep 24 13:14:43 UTC 2018 (Ubuntu 4.4.0-137.163-generic 4.4.144)
[    0.000000] Command line: BOOT_IMAGE=/boot/vmlinuz-4.4.0-137-generic root=LABEL=cloudimg-rootfs ro console=tty1 console=ttyS0
[    0.000000] KERNEL supported cpus:
[    0.000000]   Inte GnuineIte
    0.0000]  AMD AuthentiAMD
[    0.000000]  Cntaur CentaurHauls
[   0.00000] x8/fpu: xstae_offset[2]:  576, xstate_sizes[2]:  256
[    0.0000] x86/fu:Supporting XSAVEfeture 0x01: '87flating pot egisters'    0.0000] x6/fpu: Suprting AVEfeature 0x02:SSE registers'
[    0.000000] x86/fpu: Supporting XSAVE feature 0x04: 'AVX registers'
[    0.000000] x86/fpu: Enabled xstate features 0x7, context size is 832 bytes, using 'standard' fmat.
[    0.000000] e820: BIOS-provided physialRAM map:
[   0.00000]BIOS-e820: [mem 0x0000000000000000-0x000000009bff usable
[    0.000000] BIOS-e820: [mem 0x000000000009fc00-0x000000000009ffff] reerved
[    0.000000] BIOS-e820: [mem 0x00000000000f0000-0x00000000000fffff] reserved
[    0.000000] BIOS-e820: [mem 0x0000000000100000-0x000000003ffeffff] usable
[    0.000000] BIOS-e820: [mem 0x000000003fff0000-0x000000003fffffff] ACP data
   0.00000]BIS-e82: [mem 000000000fec00000-0x00000fec00fff] rseve
[    0.000000] BIOS-e820: [mem 0x00000000fee00000-0x00000000fee00fff] reserved
[    0.000000] BIOS-e820: [mem 0x00000000fffc0000-0x00000000ffffffff] reserved
[    0.000000] NX (Eecute Disable) protection: active
[    0.000000] SMBI 2.5 prsent.
[    .0000] Hypervisor dected: KVM
[    .00000] e820:lat_fn = 0x3fff0 max_arch_pfn = 0x400000000
[    0.000000] MTRR: Disabled
[    0.000000] x86/PAT: MTRRs disabled, skipping PAT initialization too
    0.000000] CPU MTRRs all blank- irualizedysem.
[    0.000] x86/PAT: Cnfiration [0-7]: W WT  UC U  WB  WT  UC- UC  
[    0.000000] found SMP MP-table at [mem 0x0009fff0-0x0009ffff] mpped at [ffff88000009fff0]
[    0.000000] Scanning 1 areas for low memory corruption
[    0.0000] RAMDISK: [em 03630e000-0x3717efff]
[    0.000000] ACPI: Early table checksum verification disabled
[    0.000000] ACPI: RSDP 0x00000000000E0000 000024 (v02 VBOX  )
[    0.000000] ACPI: XSDT 0x000000003FFF0030 00003C (v01 VBOX   VBOXXSDT 00000001 ASL  00000061)
[    0.000000] ACPI: FACP 0x000000003FFF00 0000F4 (v0 VOX  VBOXFCP00000001 ASL  00000061)
[   .000000] ACPI: DSD 00000000FF0470 0021FF (v02 VBOX   VBOXBIOS 00000002 INTL 20100528)
[    0.000000] ACPI: FACS 0x000000003FFF0200 000040
[    0.000000] ACPI: FACS 0x000000003FFF0200 000040
[    0.000000] ACPI: APIC 0x000000003FFF0240 00005C (v02 VBOX   VBOXAPIC 00000001 ASL  00000061)
[    0.000000] ACPI: SSDT 0x000000003FFF02A0 0001CC (v01 VBOX   VBOXCPUT 00000002 INTL 20100528)
[    0.000000] No NUMA configuration found
[    0.000000] Faking a node at [mem 0x0000000000000000-0x000000003ffeffff]
[    0.000000] NODE_DATA(0) allocated [mem 0x3ffeb000-0x3ffeffff]
[    0.000000] kvm-clock: Using msrs 4b564d01 and 4b564d00
[    0.000000] kvm-clock: cpu 0, msr 0:3ffe3001, primary cpu clock
[    0.000000] kvm-clock: using sched offset of 3423563459 cycles
[    0.000000] clocksource: kvm-clock: mask: 0xffffffffffffffff max_cycles: 0x1cd42e4dffb, max_idle_ns: 881590591483 ns
[    0.000000] Zone ranges:
[    0.000000]   DMA      [mem 0x0000000000001000-0x0000000000ffffff]
[    0.000000]   DMA32    [mem 0x0000000001000000-0x000000003ffeffff]
[    0.000000]   Normal   empty
[    0.000000]   Device   empty
[    0.000000] Movable zone start for each node
[    0.000000] Early memory node ranges
[    0.000000]   node   0: [mem 0x0000000000001000-0x000000000009efff]
[    0.000000]   node   0: [mem 0x0000000000100000-0x000000003ffeffff]
[    0.000000] Initmem setup node 0 [mem 0x0000000000001000-0x000000003ffeffff]
[    0.000000] ACPI: PM-Timer IO Port: 0x4008
[    0.000000] IOAPIC[0]: apic_id 2, version 32, address 0xec00000, GSI 0-23
[    0.000000] ACPI: INT_SRC_OVR (bus 0 bus_irq 0 global_irq 2 dfl dfl)
[    0.000000] ACPI: INT_SRC_OVR (bus 0 bus_irq 9 global_irq 9 low level)
[    0.000000] Using ACPI (MADT) for SMP configuration information
[    0.000000] smpboot: Allowing 2 CPUs, 0 hotplug CPUs
[    0.000000] PM: Registered nosave memory: [mem 0x00000000-0x00000fff]
[    0.000000] PM: Registered nosave memory: [mem 0x0009f000-0x0009ffff]
[    0.000000] PM: Registered nosave memory: [mem 0x000a0000-0x000effff]
[    0.000000] PM: Registered nosave memory: [mem 0x000f0000-0x000fffff]
[    0.000000] e820: [mem 0x40000000-0xfebfffff] available for PCI devices
[    0.000000] Booting paravirtualized kernel on KVM
[    0.000000] clocksource: refined-jiffies: mask: 0xffffffff max_cycles: 0xffffffff, max_idle_ns: 76455960211568 ns
[    0.00000] setup_percpu: NR_CPUS:512 nr_cpumask_bits:512 n_cpu_ids:2 nr_node_is:1
[    0.000000] PERCPU: Embedded 34 pages/pu @ffff00fc0000 9908 r8192 d31464 u1048576
[    0.000000] PV qspinlock hash table entries: 256 (order: 0, 4096byes
[   000000] Built 1 zonelists in Node order, mobility grouping on.  Total pages: 257912
[    0.000000] Policy zone: DMA32
[    0.000000] Kern comman lne BOO_IAG=/boot/vmlinuz-4..013-generic root=LABEcloudimg-rots ro console=tty1 console=ttyS0
[    0.000000] PID hash table entries: 4096 (order: 3, 32768 bytes)
[    0.000000] Memory: 997716K/1048120K available (8555K kernel code, 1314K rwdata, 4004K rodata, 1528K init, 1316K bss, 50404K reserved, 0K cma-reserved)
[    0.000000] SLUB: HWalign=, Order=0-3, MinObjects=0, Cs=, Node=1
[    .0000]KernelUsr age tables isolation eabed
[    0.000000] Hierrcicl RCU impemnttion.
[    0.000000] 	Build-timeadjutmenofleaf fanouto 4.
[    0.000000] 	RC rsticting CPUsfrm NRCPUS512 to nr_cpu_ids=2.
[   0000000] RCU: Ajustng geotr for rcu_fanout_leaf=64, r_pu_ids=2
[   0.000000] NR_IRQS:304 r_irqs:440 16
[   0.000000] Console: colour VGA+ 80x25
[    0.000000] console [tty1] enabled
[    0.000000] console [ttyS0] enabled
[    0.000000] tsc: Detected 1599.999 MHz processor
[    4.663387] Calibrating delay loop (skipped) preset value.. 3199.99 BogoMIPS (lpj=6399996)
[    4.665779] pid_max: default: 32768 minimum: 301
[    4.667164] ACPI: Core revision 20150930

[    4.671341] ACPI: 2 ACPI AML tables successfully acquired and loaded
[    4.753077] Security Framework initialized
[    4.760052] Yama: becoming mindful.
[    4.761201] AppArmor: AppArmor initialized
[    4.762540] Dentry cache hash table entries: 131072 (order: 8, 1048576 bytes)
[    4.795263] Inode-cache hash table entries: 65536 (order: 7, 524288 bytes)
[    4.805589] Mount-cache hash table entries: 2048 (order: 2, 16384 bytes)
[    4.807535] Mountpoint-cache hash table entries: 2048 (order: 2, 16384 bytes)
[    4.819076] Initializing cgroup subsys io
[    4.839507] Initializing cgroup subsys memory
[    4.879476] Initializing cgroup subsys devices
[    4.902875] Initializing cgroup subsys freezer
[    4.916843] Initializing cgroup subsys net_cls
[    4.920478] Initializing cgroup subsys perf_event
[    4.947111] Initializing cgroup subsys net_prio
[    4.948428] Initializing cgroup subsys hugetlb
[    4.949891] Initializing cgroup subsys pids
[    4.976501] mce: CPU supports 0 MCE banks
[    5.004885] Last level iTLB entries: 4KB 64, 2MB 8, 4MB 8
[    5.029772] Last level dTLB entries: 4KB 64, 2MB 0, 4MB 0, 1GB 4
[    5.063239] Spectre V2 : Mitigation: Full generic retpoline
[    5.111261] Spectre V2 : Spectre v2 mitigation: Speculation control IBPB not-supported IBRS not-supported
[    5.171625] Spectre V2 : Spectre v2 / SpectreRSB mitigation: Filling RSB on context switch
[    5.195956] Speculative Store Bypass: Vulnerable
[    5.206897] Freeing SMP alternatives memory: 32K
[    5.245696] ftrace: allocating 32265 entries in 127 pages
[    5.349779] smpboot: APIC(0) Converting physical 0 to logical package 0
[    5.407577] smpboot: Max logical packages: 1
[    5.432149] x2apic enabled
[    5.444291] Switched APIC routing to physical x2apic.
[    5.451766] ..TIMER: vector=0x30 apic1=0 pin1=2 apic2=-1 pin2=-1
[    5.559150] smpboot: CPU0: Intel(R) Core(TM) i5-5250U CPU @ 1.60GHz (family: 0x6, model: 0x3d, stepping: 0x4)
[    5.615483] Performance Events: unsupported p6 CPU model 61 no PMU driver, software events only.
[    5.660025] KVM setup paravirtual spinlock
[    5.671521] x86: Booting SMP configuration:
[    5.687496] .... node  #0, CPUs:      #1
[    5.715221] kvm-clock: cpu 1, msr 0:3ffe3041, secondary cpu clock
[    5.717239] mce: CPU supports 0 MCE banks
[    5.719983] x86: Booted up 1 node, 2 CPUs
[    5.735481] smpboot: Total of 2 processors activated (6399.99 BogoMIPS)
[    5.759139] devtmpfs: initialized
[    5.772297] evm: security.selinux
[    5.779009] evm: security.SMACK64
[    5.781261] evm: security.SMACK64EXEC
[    5.782430] evm: security.SMACK64TRANSMUTE
[    5.783657] evm: security.SMACK64MMAP
[    5.792885] evm: security.ima
[    5.794123] evm: security.capability
[    5.834910] clocksource: jiffies: mask: 0xffffffff max_cycles: 0xffffffff, max_idle_ns: 7645041785100000 ns
[    5.897145] futex hash table entries: 512 (order: 3, 32768 bytes)
[    5.899038] pinctrl core: initialized pinctrl subsystem
[    5.900676] RTC time: 14:50:32, date: 10/29/18
[    5.902204] NET: Registered protocol family 16
[    5.913743] cpuidle: using governor ladder
[    5.926169] cpuidle: using governor menu
[    5.927276] PCCT header not found.
[    5.928460] ACPI: bus type PCI registered
[    5.929584] acpiphp: ACPI Hot Plug PCI Controller Driver version: 0.5
[    5.931536] PCI: Using configuration type 1 for base access
[    5.948249] ACPI: Added _OSI(Module Device)
[    5.954486] ACPI: Added _OSI(Processor Device)
[    5.968652] ACPI: Added _OSI(3.0 _SCP Extensions)
[    5.970863] ACPI: Added _OSI(Processor Aggregator Device)
[    5.988267] ACPI: Executed 1 blocks of module-level executable AML code
[    6.015700] ACPI: Interpreter enabled
[    6.034246] ACPI: (supports S0 S5)
[    6.048027] ACPI: Using IOAPIC for interrupt routing
[    6.054920] PCI: Using host bridge windows from ACPI; if necessary, use "pci=nocrs" and report a bug
[    6.084805] ACPI: PCI Root Bridge [PCI0] (domain 0000 [bus 00-ff])
[    6.099718] acpi PNP0A03:00: _OSC: OS supports [ASPM ClockPM Segments MSI]
[    6.119482] acpi PNP0A03:00: _OSC: not requesting OS control; OS requires [ExtendedConfig ASPM ClockPM MSI]
[    6.168324] acpi PNP0A03:00: fail to add MMCONFIG information, can't access extended PCI configuration space under this bridge.
[    6.215004] PCI host bridge to bus 0000:00
[    6.233343] pci_bus 0000:00: root bus resource [io  0x0000-0x0cf7 window]
[    6.244950] pci_bus 0000:00: root bus resource [io  0x0d00-0xffff window]
[    6.280604] pci_bus 0000:00: root bus resource [mem 0x000a0000-0x000bffff window]
[    6.314869] pci_bus 0000:00: root bus resource [mem 0x40000000-0xfdffffff window]
[    6.356838] pci_bus 0000:00: root bus resource [bus 00-ff]
[    6.377638] pci 0000:00:01.1: legacy IDE quirk: reg 0x10: [io  0x01f0-0x01f7]
[    6.404183] pci 0000:00:01.1: legacy IDE quirk: reg 0x14: [io  0x03f6]
[    6.418925] pci 0000:00:01.1: legacy IDE quirk: reg 0x18: [io  0x0170-0x0177]
[    6.430629] pci 0000:00:01.1: legacy IDE quirk: reg 0x1c: [io  0x0376]
[    6.482606] pci 0000:00:07.0: quirk: [io  0x4000-0x403f] claimed by PIIX4 ACPI
[    6.507660] pci 0000:00:07.0: quirk: [io  0x4100-0x410f] claimed by PIIX4 SMB
[    6.554125] ACPI: PCI Interrupt Link [LNKA] (IRQs 5 9 10 *11)
[    6.585723] ACPI: PCI Interrupt Link [LNKB] (IRQs 5 9 *10 11)
[    6.591445] ACPI: PCI Interrupt Link [LNKC] (IRQs 5 *9 10 11)
[    6.607272] ACPI: PCI Interrupt Link [LNKD] (IRQs 5 9 10 *11)
[    6.639476] ACPI: Enabled 2 GPEs in block 00 to 07
[    6.669758] vgaarb: setting as boot device: PCI:0000:00:02.0
[    6.700330] vgaarb: device added: PCI:0000:00:02.0,decodes=io+mem,owns=io+mem,locks=none
[    6.721485] vgaarb: loaded
[    6.736750] vgaarb: bridge control possible 0000:00:02.0
[    6.770303] SCSI subsystem initialized
[    6.788279] ACPI: bus type USB registered
[    6.802166] usbcore: registered new interface driver usbfs
[    6.816442] usbcore: registered new interface driver hub
[    6.838440] usbcore: registered new device driver usb
[    6.860870] PCI: Using ACPI for IRQ routing
[    6.876372] NetLabel: Initializing
[    6.894427] NetLabel:  domain hash size = 128
[    6.913654] NetLabel:  protocols = UNLABELED CIPSOv4
[    6.915134] NetLabel:  unlabeled traffic allowed by default
[    6.918595] amd_nb: Cannot enumerate AMD northbridges
[    6.926962] clocksource: Switched to clocksource kvm-clock
[    6.941688] AppArmor: ppArmoFilesystem Enabled
[    7.0448] np PP CP iit
[   7.302860] pnp: PnP ACPI: found  dvies

[   .4279] clocksource: acpi_pm: as: xffff axcyle: xfffff, axide_s: 2085701024 ns
[    7.984069] NET: Registered protocol family 2

[    7.987297] TCP established hash table entries: 8192 (order: 4, 65536 bytes)
[    7.994559] TCP bind hash table entries: 8192 (order: 5, 131072 bytes)
[    7.996389] TCP: Hash tables configured (established 8192 bind 8192)
[    7.997961] UDP hash table entries: 512 (order: 2, 16384 bytes)
[    7.999613] P-Le hh table eris: 512 (order: 2, 16384 bytes)
[    272470]NE: egstered prtocolfaily 1
[   8.535539] pci 0000:0:00.0 Lming direct PCI/PCI transfers
[    8.721234] pci 0000:00:01.0: Activating ISA DMA hang workarounds
[    8.723112] Unpacking initramfs...

[    8.993458] Freeing initrd memory: 14788K
[    9.040459] RAPL PMU detected, API unit is 2^-32 Joules, 4 fixed counters 10737418240 ms ovfl timer
[    9.112366] hw unit of domain pp0-core 2^-0 Joules
[    9.154814] hw unit of domain package 2^-0 Joules
[    9.190367] hw unit of domain dram 2^-0 Joules
[    9.201139] hw unit of domain pp1-gpu 2^-0 Joules
[    9.202778] platform rtc_cmos: registered atormTCdevice (n PNP device found)
[    9.417412] Scanning for low memory corruption every 60 seconds

[    9.419779] audit: initializing netlink subsys (disabled)
[    9.422133] audit: type=2000 audit(1540824634.125:1): initialized
[    9.424924] Initialise system trusted keyring
[    9.432571] HugeTLB registered 2 MB page size, pre-allocated 0 pages
[    9.435981] zbud: loaded
[    9.438041] VFS: Disk quotas dquot_6.6.0
[    9.459615] VFS: Dquot-cache hash table entries: 512 (order 0, 4096 bytes)
[    9.44979] squashfs: version 4.0 (2009/01/31) Phillip Loughe
[    9.5615] fuse init (API versi 723
[    9.738032] Key type big_key registered
[    9.767912] Allocating IMA MOK and blacklist keyrings.
[    9.792521] Key type asymmetric registered
[    9.793541] Asymmetric key parser 'x509' registered
[    9.810610] Block layer SCSI generic (bsg) driver version 0.4 loaded (major 249)
[    9.840340] io scheduler noop registered
[    9.854778] io scheduler deadline registered (default)
[    9.880659] io scheduler cfq registered
[    9.881931] pci_hotplug: PCI Hot Plug PCI Core version: 0.5
[    9.883552] pciehp: PCI Express Hot Plug Controller Driver version: 0.4
[    9.885773] ACPI: AC Adapter [AC] (off-line)
[    9.930788] input: Power Button as /devices/LNXSYSTM:00/LNXPWRBN:00/input/input0
[    9.971266] ACPI: Power Button [PWRF]
[    9.988203] input: Sleep Button as /devices/LNXSYSTM:00/LNXSLPBN:00/input/input1
[   10.021957] ACPI: Sleep Button [SLPF]
[   10.033701] ACPI: Battery Slot [BAT0] (battery present)
[   10.037015] GHES: HEST is not enabled!
[   10.056113] Serial: 8250/16550 driver, 32 ports, IRQ sharing enabled
[   10.110946] 00:02: ttyS0 at I/O 0x3f8 (irq = 4, base_baud = 115200) is a 16550A
[   10.142412] Linux agpgart interface v0.103
[   10.199803] tsc: Refined TSC clocksource calibration: 1599.781 MHz
[   10.199806] clocksource: tsc: mask: 0xffffffffffffffff max_cycles: 0x170f56240a0, max_idle_ns: 440795240418 ns
[   10.333683] loop: module loaded
[   10.336966] scsi host0: ata_piix
[   10.349330] scsi host1: ata_piix
[   10.350448] ata1: PATA max UDMA/33 cmd 0x1f0 ctl 0x3f6 bmdma 0xd000 irq 14
[   10.352440] ata2: PATA max UDMA/33 cmd 0x170 ctl 0x376 bmdma 0xd008 irq 15
[   10.469460] libphy: Fixed MDIO Bus: probed
[   10.473398] tun: Universal TUN/TAP device driver, 1.6
[   10.474829] tun: (C) 1999-2004 Max Krasnyansky <maxk@qualcomm.com>
[   10.476484] PPP generic driver version 2.4.2
[   10.477660] ehci_hcd: USB 2.0 'Enhanced' Host Controller (EHCI) Driver
[   10.521281] ehci-pci: EHCI PCI platform driver
[   10.604716] ehci-platform: EHCI generic platform driver
[   10.651548] ohci_hcd: USB 1.1 'Open' Host Controller (OHCI) Driver
[   10.694888] ohci-pci: OHCI PCI platform driver
[   10.705382] ohci-platform: OHCI generic platform driver
[   10.737714] uhci_hcd: USB Universal Host Controller Interface driver
[   10.820783] i8042: PNP: PS/2 Controller [PNP0303:PS2K,PNP0f03:PS2M] at 0x60,0x64 irq 1,12
[   10.921359] serio: i8042 KBD port at 0x60,0x64 irq 1
[   10.922771] serio: i8042 AUX port at 0x60,0x64 irq 12
[   10.924286] mousedev: PS/2 mouse device common for all mice
[   10.929646] rtc_cmos rtc_cmos: rtc core: registered rtc_cmos as rtc0
[   10.939997] input: AT Translated Set 2 keyboard as /devices/platform/i8042/serio0/input/input2
[   10.980720] rtc_cmos rtc_cmos: alarms up to one day, 114 bytes nvram
[   10.982347] i2c /dev entries driver
[   10.983524] device-mapper: uevent: version 1.0.3
[   11.030446] device-mapper: ioctl: 4.34.0-ioctl (2015-10-28) initialised: dm-devel@redhat.com
[   11.056375] ledtrig-cpu: registered to indicate activity on CPUs
[   11.092818] NET: Registered protocol family 10
[   11.116027] NET: Registered protocol family 17
[   11.151672] Key type dns_resolver registered
[   11.178022] registered taskstats version 1
[   11.200894] Loading compiled-in X.509 certificates
[   11.209387] Loaded X.509 cert 'Build time autogenerated kernel key: 20acc96b50ca7641011eace69d32209215a9b56f'
[   11.241565] zswap: loaded using pool lzo/zbud
[   11.258184] Key type trusted registered
[   11.303550] Key type encrypted registered
[   11.321842] AppArmor: AppArmor sha1 policy hashing enabled
[   11.337845] ima: No TPM chip found, activating TPM-bypass!
[   11.355772] ima: Allocated hash algorithm: sha1
[   11.375945] evm: HMAC attrs: 0x1
[   11.395866]   Magic number: 6:477:840
[   11.416167] rtc_cmos rtc_cmos: setting system clock to 2018-10-29 14:50:37 UTC (1540824637)
[   11.453929] BIOS EDD facility v0.16 2004-Jun-25, 0 devices found
[   11.466101] EDD information not available.
[   11.468891] Freeing unused kernel memory: 1528K
[   11.479204] Write protecting the kernel read-only data: 14336k
[   11.481588] Freeing unused kernel memory: 1672K
[   11.483335] Freeing unused kernel memory: 92K
Loading, please wait...
[   11.509543] random: systemd-udevd: uninitialized urandom read (16 bytes read, 5 bits of entropy available)
starting version 229
[   11.510493] random: udevadm: uninitialized urandom read (16 bytes read, 5 bits of entropy available)
[   11.510536] random: udevadm: uninitialized urandom read (16 bytes read, 5 bits of entropy available)
[   11.525970] random: udevadm: uninitialized urandom read (16 bytes read, 5 bits of entropy available)
[   11.526039] random: udevadm: uninitialized urandom read (16 bytes read, 5 bits of entropy available)
[   11.526255] random: udevadm: uninitialized urandom read (16 bytes read, 5 bits of entropy available)
[   11.526333] random: udevadm: uninitialized urandom read (16 bytes read, 5 bits of entropy available)
[   11.526410] random: udevadm: uninitialized urandom read (16 bytes read, 5 bits of entropy available)
[   11.526490] random: udevadm: uninitialized urandom read (16 bytes read, 5 bits of entropy available)
[   11.526563] random: udevadm: uninitialized urandom read (16 bytes read, 5 bits of entropy available)
[   11.769745] e1000: Intel(R) PRO/1000 Network Driver - version 7.3.21-k8-NAPI
[   11.792207] e1000: Copyright (c) 1999-2006 Intel Corporation.
[   11.798104] Fusion MPT base driver 3.04.20
[   11.799408] Copyright (c) 1999-2008 LSI Corporation
[   11.821628] AVX2 version of gcm_enc/dec engaged.
[   11.823802] AES CTR mode by8 optimization enabled
[   11.830177] Fusion MPT SPI Host driver 3.04.20
[   12.030080] input: ImExPS/2 Generic Explorer Mouse as /devices/platform/i8042/serio1/input/input4
[   12.172796] e1000 0000:00:03.0 eth0: (PCI:33MHz:32-bit) 02:28:89:27:00:51
[   12.979814] e1000 0000:00:03.0 eth0: Intel(R) PRO/1000 Network Connection
[   13.581208] e1000 0000:00:08.0 eth1: (PCI:33MHz:32-bit) 08:00:27:6b:6a:47
[   14.004516] e1000 0000:00:08.0 eth1: Intel(R) PRO/1000 Network Connection
[   14.025127] mptbase: ioc0: Initiating bringup
[   14.025343] e1000 0000:00:03.0 enp0s3: renamed from eth0
[   14.051904] e1000 0000:00:08.0 enp0s8: renamed from eth1
[   14.123316] ioc0: LSI53C1030 A0: Capabilities={Initiator}
[   14.302940] scsi host2: ioc0: LSI53C1030 A0, FwRev=00000000h, Ports=1, MaxQ=256, IRQ=20
[   14.475789] scsi 2:0:0:0: Direct-Access     VBOX     HARDDISK         1.0  PQ: 0 ANSI: 5
[   14.555951] scsi target2:0:0: Beginning Domain Validation
[   14.583218] scsi target2:0:0: Domain Validation skipping write tests
[   14.584593] scsi target2:0:0: Ending Domain Validation
[   14.585847] scsi target2:0:0: asynchronous
[   14.587793] scsi 2:0:1:0: Direct-Access     VBOX     HARDDISK         1.0  PQ: 0 ANSI: 5
[   14.639086] scsi target2:0:1: Beginning Domain Validation
[   14.691661] scsi target2:0:1: Domain Validation skipping write tests
[   14.693034] scsi target2:0:1: Ending Domain Validation
[   14.694321] scsi target2:0:1: asynchronous
[   14.702873] sd 2:0:0:0: Attached scsi generic sg0 type 0
[   14.716427] sd 2:0:0:0: [sda] 20971520 512-byte logical blocks: (10.7 GB/10.0 GiB)
[   14.721827] sd 2:0:1:0: Attached scsi generic sg1 type 0
[   14.722249] sd 2:0:1:0: [sdb] 20480 512-byte logical blocks: (10.5 MB/10.0 MiB)
[   14.722473] sd 2:0:1:0: [sdb] Write Protect is off
[   14.722631] sd 2:0:1:0: [sdb] Incomplete mode parameter data
[   14.722633] sd 2:0:1:0: [sdb] Assuming drive cache: write through
[   14.725085] sd 2:0:1:0: [sdb] Attached SCSI disk
[   14.745124] sd 2:0:0:0: [sda] Write Protect is off
[   14.745379] sd 2:0:0:0: [sda] Incomplete mode parameter data
[   14.745381] sd 2:0:0:0: [sda] Assuming drive cache: write through
[   14.746778]  sda: sda1
[   14.747675] sd 2:0:0:0: [sda] Attached SCSI disk
Begin: Loading essential drivers[   16.359769] md: linear personality registered for level -1
 ... [   16.401530] md: multipath personality registered for level -4
[   16.423675] md: raid0 personality registered for level 0
[   16.444371] md: raid1 personality registered for level 1
[   16.539549] raid6: sse2x1   gen()  7728 MB/s
[   16.631174] raid6: sse2x1   xor()  5974 MB/s
[   16.723518] raid6: sse2x2   gen() 10031 MB/s
[   16.791244] raid6: sse2x2   xor()  6604 MB/s
[   16.887572] raid6: sse2x4   gen() 11509 MB/s
[   16.979198] raid6: sse2x4   xor()  8145 MB/s
[   17.059217] raid6: avx2x1   gen() 14858 MB/s
[   17.154979] raid6: avx2x2   gen() 18489 MB/s
[   17.231556] raid6: avx2x4   gen() 14203 MB/s
[   17.252353] raid6: using algorithm avx2x2 gen() 18489 MB/s
[   17.278488] raid6: using avx2x2 recovery algorithm
[   17.286122] xor: automatically using best checksumming function:
[   17.347054]    avx       : 21204.000 MB/sec
[   17.353048] async_tx: api initialized (async)
[   17.377929] md: raid6 personality registered for level 6
[   17.408068] md: raid5 personality registered for level 5
[   17.412161] md: raid4 personality registered for level 4
[   17.428168] md: raid10 personality registered for level 10
done.
Begin: Running /scripts/init-premount ... done.
Begin: Mounting root file system ... Beg[   17.474123] Btrfs loaded
in: Running /scripts/local-top ... done.
Begin: Running /scripts/local-premount ... Scanning for Btrfs filesystems
done.
Warning: fsck not present, so skipping root file[   17.527590] EXT4-fs (sda1): mounted filesystem with ordered data mode. Opts: (null)
 system
done.
Begin: Running /scripts/local-bottom ... done.
Begin: Running /scripts/init-bottom ... done.
[   17.643361] systemd[1]: systemd 229 running in system mode. (+PAM +AUDIT +SELINUX +IMA +APPARMOR +SMACK +SYSVINIT +UTMP +LIBCRYPTSETUP +GCRYPT +GNUTLS +ACL +XZ -LZ4 +SECCOMP +BLKID +ELFUTILS +KMOD -IDN)
[   17.647153] systemd[1]: Detected virtualization oracle.
[   17.683959] systemd[1]: Detected architecture x86-64.

Welcome to [1mUbuntu 16.04.5 LTS[0m!

[  1.726602]system[1: Set stam t <butu.[  18.106576] systemd[1]: Initializing machine ID from random generator.
[   18.188848] syemd[1]: Italled transient /etc/machine-id file.

[   18.638014] random: nonblocking pool is initialized
[   18.684162] systemd[1]: Listening on LVM2 metadata daemon socket.
[[0;32m  OK  [0m] Listening on LVM2 metadata daemon socket.
[   18.687284] systemd[1]: Listening on Journal Socket
[[0;32m  OK  [0m] Listening on Journal Socket.
[  18.74473]sytemd]: Ceaed slice SyemSlce
[[0;32m  OK  [0m] Created slice System Slice.
[   19.207404 sstem[1]: Listnig n ounal Socket (/dev/log).
[[0;32m  OK  [0m] Listening on Journal Socket (/dev/log).

[   19.447496] systemd[1]: Starting Remount Root and Kernel File Systems...
         Starting Remount[   19.460406] EXT4-fs (sda1): re-mounted. Opts: (null)
 Root and Kernel File Systems...
[   19.520395] systemd[1]: Started Forward Password Requests to Wall Directory Watch.
[[0;32m  OK  [0m] Started Forward Password Requests to Wall Directory Watch.
[   19.548425] systemd[1]: Started Trigger resolvconf update for networkd DNS.
[[0;32m  OK  [0m] Started Trigger resolvconf update for networkd DNS.
[   19.552342] systemd[1]: Listening on udev Kernel Socket.
[[0;32m  OK  [0m] Listening on udev Kernel Socket.
[   19.575269] systemd[1]: Mounting POSIX Message Queue File System...
         Mounting POSIX Message Queue File System...
[   19.579889] systemd[1]: Mounting Debug File System...
         Mounting Debug File System...
[   19.583932] systemd[1]: Starting Uncomplicated firewall...
         Starting Uncomplicated firewall...
[   19.588971] systemd[1]: Listening on udev Control Socket.
[[0;32m  OK  [0m] Listening on udev Control Socket.
[   19.593987] systemd[1]: Listening on Journal Audit Socket.
[[0;32m  OK  [0m] Listening on Journal Audit Socket.
[   19.598263] systemd[1]: Mounting Huge Pages File System...
         Mounting Huge Pages File System...
[   19.679621] systemd[1]: Starting Set console keymap...
         Starting Set console keymap...
[   19.703556] systemd[1]: Starting Nameserver information manager...
         Starting Nameserver information manager...
[   19.710879] systemd[1]: Listening on /dev/initctl Compatibility Named Pipe.
[[0;32m  OK  [0m] Listening on /dev/initctl Compatibility Named Pipe.
[   19.774431] systemd[1]: Reached target Swap.
[[0;32m  OK  [0m] Reached target Swap.
[   19.790064] systemd[1]: Reached target Encrypted Volumes.
[[0;32m  OK  [0m] Reached target Encrypted Volumes.
[   19.867953] systemd[1]: Starting Load Kernel Modules...
         Startin[   19.876356] Loading iSCSI transport class v2.0-870.
g Load Kernel Mo[   19.940179] iscsi: registered transport (tcp)
dules...
[   19.963306] systemd[1]: Listening on Syslog Socket.
[[0;32m  OK  [0m] Listening on Syslog Socket.
[   19.981050] iscsi: registered transport (iser)
[   19.987695] systemd[1]: Starting Journal Service...
         Starting Journal Service...
[   19.995839] systemd[1]: Set up automount Arbitrary Executable File Formats File System Automount Point.
[[0;32m  OK  [0m] Set up automount Arbitrary Executab...ats File System Automount Point.
[   20.092908] systemd[1]: Created slice User and Session Slice.
[[0;32m  OK  [0m] Created slice User and Session Slice.
[   20.096618] systemd[1]: Reached target Slices.
[[0;32m  OK  [0m] Reached target Slices.
[   20.111867] systemd[1]: Reached target User and Group Name Lookups.
[[0;32m  OK  [0m] Reached target User and Group Name Lookups.
[   20.175370] systemd[1]: Starting Create list of required static device nodes for the current kernel...
         Starting Create list of required st... nodes for the current kernel...
[  20.4187] systemd[1]: Reached target System Time Synchronized.
[[0;32m  OK  [0m] Reached target System Time Synchronized.
[   20.9714] systemd[1]: Listening on LVM2 poll daemon socket.

[[0;32m  OK  [0m] Listening on LVM2 poll daemon socket.
[   20.670880] systemd[1]: Listening on Device-mapper event daemon FIFOs.
[[0;32m  OK  [0m] Listening on Device-mapper event daemon FIFOs.
[   20.711353] systemd[1]: Starting Monitoring of LVM2 mirrors, snapshots etc. using dmeventd or progress polling...
         Starting Monitoring of LVM2 mirrors... dmeventd or progress polling...
[   20.794447] systemd[1]: Created slice system-serial\x2dgetty.slice.
[[0;32m  OK  [0m] Created slice system-serial\x2dgetty.slice.
[   20.889376] systemd[1]: Mounted Debug File System.
[[0;32m  OK  [0m] Mounted Debug File System.
[   20.912241] systemd[1]: Mounted POSIX Message Queue File System.
[[0;32m  OK  [0m] Mounted POSIX Message Queue File System.
[   20.955948] systemd[1]: Mounted Huge Pages File System.
[[0;32m  OK  [0m] Mounted Huge Pages File System.
[  2.0416] sysem[1]: Started Journal Service.
[[0;32m  OK  [0m] Started Journal Service.
[[0;32m  OK  [0m] Started Remount Root and Kernel File Systems.
[[0;32m  OK  [0m] Started Uncomplicated firewall.
[[0;32m  OK  [0m] Started Set console keymap.
[[0;32m  OK  [0m] Started Load Kernel Modules.
[[0;32m  OK  [0m] Started Create list of required sta...ce nodes for the current kernel.
[[0;32m  OK  [0m] Started Nameserver information manager.
[[0;32m  OK  [0m] Started LVM2 metadata daemon.
         Starting Create Static Device Nodes in /dev...
         Starting Apply Kernel Variables...
         Mounting FUSE Control File System...
         Starting Load/Save Random Seed...
         Starting udev Coldplug all Devices...
         Starting Flush Journal to Persistent Storage...
[[0;32m  OK  [0m] Mounted FUSE Control File System.
[[0;32m  OK  [0m] Started Create Static Device Nodes in /dev.
[[0;32m  OK  [0m] Started Apply Kernel Variables.
[[0;32m  OK  [0m] Started Load/Save Random Seed.
[[0;32m  OK  [0m] Started Flush Journal to Persistent Storage.
[[0;32m  OK  [0m] Started udev Coldplug all Devices.
         Starting udev Kernel Device Manager...
[[0;32m  OK  [0m] Started Monitoring of LVM2 mirrors,...ng dmeventd or progress polling.
[[0;32m  OK  [0m] Started udev Kernel Device Manager.
[[0;32m  OK  [0m] Reached target Local File Systems (Pre).
[[0;32m  OK  [0m] Reached target Local File Systems.
         Starting Initial cloud-init job (pre-networking)...
         Starting Set console font and keymap...
         Starting LSB: AppArmor initialization...
         Starting Tell Plymouth To Write Out Runtime Data...
         Starting Commit a transient machine-id on disk...
         Starting Create Volatile Files and Directories...
[[0;32m  OK  [0m] Started Dispatch Password Requests to Console Directory Watch.
[[0;32m  OK  [0m] Started Tell Plymouth To Write Out Runtime Data.
[[0;32m  OK  [0m] Started Commit a transient machine-id on disk.
[[0;32m  OK  [0m] Started Create Volatile Files and Directories.
         Starting Update UTMP about System Boot/Shutdown...
[[0;32m  OK  [0m] Started Update UTMP about System Boot/Shutdown.
[[0;32m  OK  [0m] Found device /dev/ttyS0.
[[0;32m  OK  [0m] Listening on Load/Save RF Kill Switch Status /dev/rfkill Watch.
[   16.973036] cloud-init[476]: Cloud-init v. 18.3-9-g2e62cb8a-0ubuntu1~16.04.2 running 'init-local' at Mon, 29 Oct 2018 14:50:48 +0000. Up 16.42 seconds.
[[0;32m  OK  [0m] Started Initial cloud-init job (pre-networking).
[[0;32m  OK  [0m] Started LSB: AppArmor initialization.
[[0;32m  OK  [0m] Reached target Network (Pre).
         Starting Raise network interfaces...
[[0;32m  OK  [0m] Started Set console font and keymap.
[[0;32m  OK  [0m] Created slice system-getty.slice.
[[0;32m  OK  [0m] Started Raise network interfaces.
[[0;32m  OK  [0m] Reached target Network.
         Starting Initial cloud-init job (metadata service crawler)...
[   18.687437] cloud-init[937]: Cloud-init v. 18.3-9-g2e62cb8a-0ubuntu1~16.04.2 running 'init' at Mon, 29 Oct 2018 14:50:50 +0000. Up 18.06 seconds.
[   18.764454] [[0;32m  OK  [0m] Started Initial cloud-init job (metadata service crawler).
[[0;32m  OK  [0m] Reached target Cloud-config availability.
[[0;32m  OK  [0m] Reached target Network is Online.
cloud-init[937]: ci-info: +++++++++++++++++++++++++++++++++++++Net device info++++++++++++++++++++++++++++++++++++++
[   18.789086]          cloud-initStarting iSCSI initiator daemon (iscsid)...[937]: 
ci-info: +--------+-------+--------------------------+---------------+--------+-------------------+
[   18.908590] [[0;32m  OK  [0m] Reached target System Initialization.
[[0;32m  OK  [0m] Listening on UUID daemon activation socket.
[[0;32m  OK  [0m] Listening on D-Bus System Message Bus Socket.
[[0;32m  OK  [0m] Started Daily apt download activities.
[[0;32m  OK  [0m] Started Daily Cleanup of Temporary Directories.
[[0;32m  OK  [0m] Listening on ACPID Listen Socket.
cloud-init[937]: ci-info: | Device |   Up  |         Address          |      Mask     | Scope  |     Hw-Address    |
[   18.926806] [[0;32m  OK  [0m] Started ACPI Events Check.
[[0;32m  OK  [0m] Reached target Paths.
cloud-init[937]: ci-info: +--------+-------+--------------------------+---------------+--------+-------------------+
[   18.932695]          cloud-initStarting Socket activation for snappy daemon.[937]: 
ci-info: | enp0s3 |  True |        10.0.2.15         | 255.255.255.0 | global | 02:28:89:27:00:51 |
[[0;32m  OK  [0m] Started Daily apt upgrade and clean activities.
[[0;32m  OK  [0m] [   18.933465] Reached target Timers.cloud-init
[937]: ci-info: | enp0s3 |  True | fe80::28:89ff:fe27:51/64 |       .       |  link  | 02:28:89:27:00:51 |
[   19.201823] cloud-init         Starting LXD - unix socket.
[937]: ci-info: | enp0s8 | False |            .             |       .       |   .    | 08:00:27:6b:6a:47 |
[   19.220874] [[0;32m  OK  [0m] Listening on Socket activation for snappy daemon.
[[0;32m  OK  [0m] Listening on LXD - unix socket.
cloud-init[937]: ci-info: |   lo   |  True |        127.0.0.1         |   255.0.0.0   |  host  |         .         |
[   19.227817] cloud-init[937]: ci-info: |   lo   |  True |         ::1/128          |       .       |  host  |         .         |
[   19.244825] cloud-init[937]: ci-info: +--------+-------+--------------------------+---------------+--------+-------------------+
[   19.321635] cloud-init[937]: ci-info: +++++++++++++++++++++++++++Route IPv4 info++++++++++++++++++++++++++++
[[0;32m  OK  [0m] Started iSCSI initiator daemon (iscsid).
[   19.373273] cloud-init[937]: ci-info: +-------+-------------+----------+---------------+-----------+-------+
[   19.378563] cloud-init[937]: ci-info: | Route | Destination | Gateway  |    Genmask    | Interface | Flags |
[   19.381299] cloud-init[937]: ci-info: +-------+-------------+----------+---------------+-----------+-------+
[   19.403781] cloud-init[937]: ci-info: |   0   |   0.0.0.0   | 10.0.2.2 |    0.0.0.0    |   enp0s3  |   UG  |
[   19.404217] cloud-init[937]: ci-info: |   1   |   10.0.2.0  | 0.0.0.0  | 255.255.255.0 |   enp0s3  |   U   |
[   19.404477] cloud-init[937]: ci-info: +-------+-------------+----------+---------------+-----------+-------+
[   19.406175] cloud-init[937]: ci-info: +++++++++++++++++++Route IPv6 info+++++++++++++++++++
[   19.406617] cloud-init[937]: ci-info: +-------+-------------+---------+-----------+-------+
[   19.407000] cloud-init[937]: ci-info: | Route | Destination | Gateway | Interface | Flags |
[   19.407418] cloud-init[937]: ci-info: +-------+-------------+---------+-----------+-------+
[   19.407697] cloud-init[937]: ci-info: |   0   |  fe80::/64  |    ::   |   enp0s3  |   U   |
[   19.409001] cloud-init[937]: ci-info: |   3   |   ff00::/8  |    ::   |   enp0s3  |   U   |
[   19.409395] cloud-init[937]: ci-info: +-------+-------------+---------+-----------+-------+
[   19.409781] cloud-init[937]: Generating public/private rsa key pair.
[   19.410169] cloud-init[937]: Your identification has been saved in /etc/ssh/ssh_host_rsa_key.
[   19.410552] cloud-init[937]: Your public key has been saved in /etc/ssh/ssh_host_rsa_key.pub.
[   19.410905] cloud-init[937]: The key fingerprint is:
[   19.411119] cloud-init[937]: SHA256:eWck4uO5+f0o12K2JFkz6b1pd+u21V45DwMhUTWPG8k root@ubuntu-xenial
[   19.411494] cloud-init[937]: The key's randomart image is:
         Starting Login to default iSCSI targets...
[   19.412820] cloud-init[937]: +---[RSA 2048]----+
[   19.925803] cloud-init[937]: |          ....o  |
[   19.926238] cloud-init[937]: |           . . = |
[   19.926509] cloud-init[937]: |        . o o E .|
[   19.926779] cloud-init[937]: |       . o + o o |
[[0;32m  OK  [0m] Reached target Sockets.
[   19.927028] cloud-init[937]: |        S . O .  |
[   19.933569] cloud-init[937]: |       . + * =  o|
[[0;32m  OK  [0m] Reached target Basic System.
[   19.934415] cloud-init[937]: |        o o o.+o+|
[   20.053762] cloud-init[937]: |         o.+=.oBB|
[   20.054297] cloud-init[937]: |        o..=+=*=*|
[   20.055672] cloud-init[937]: +----[SHA256]-----+
[   20.055903] cloud-init[937]: Generating public/private dsa key pair.
[   20.056422] cloud-init[937]: Your identification has been saved in /etc/ssh/ssh_host_dsa_key.
[   20.056667] cloud-init[937]: Your public key has been saved in /etc/ssh/ssh_host_dsa_key.pub.
[   20.056910] cloud-init[937]: The key fingerprint is:
[   20.057158] cloud-init[937]: SHA256:fTg6HENqXjIRjKNekJftiwRVWnB+fb/yxGyw86EPQfs root@ubuntu-xenial
[   20.057403] cloud-init[937]: The key's randomart image is:
[   20.057657] cloud-init[937]: +---[DSA 1024]----+
[   20.057896] cloud-init[937]: |   ooB=          |
[   20.058138] cloud-init[937]: |  + ==o. .       |
[   20.058206] cloud-init[937]: |   =.oo o . o    |
[   20.058269] cloud-init[937]: |  . o .= . + o   |
         Starting System Logging Service...
[[   20.058336] cloud-init[937]: | . o .=.S + = .  |
[   20.494422] cloud-init[937]: |  . .o.= + o B . |
[   20.494901] cloud-init[937]: |      . +   = E  |
[   20.495446] cloud-init[937]: |         .   X . |
[0;32m  OK  [0m] Started Unattended Upgrades Shutdown.
[   20.496223] cloud-init[937]: |            ..+  |
[   20.636305] cloud-init[937]: +----[SHA256]-----+
[   20.636683] cloud-init[937]: Generating public/private ecdsa key pair.
[   20.637030] cloud-init[937]: Your identification has been saved in /etc/ssh/ssh_host_ecdsa_key.
[   20.637335] cloud-init[937]: Your public key has been saved in /etc/ssh/ssh_host_ecdsa_key.pub.
[   20.637644] cloud-init[937]: The key fingerprint is:
[   20.637955] cloud-init[937]: SHA256:swWOfuu51xzJdUstr2NRzFtMDBTIgOBCh77XObcwnsI root@ubuntu-xenial
         Starting Login Service...
[   20.638691] cloud-init[937]: The key's randomart image is:
[   20.964927] cloud-init[937]: +---[ECDSA 256]---+
[   20.988602] cloud-init[937]: |    ..o. ..o o++ |
[   20.989129] cloud-init[937]: |   ..o  .   o   o|
[   20.990111] cloud-init[937]: |   .. . .      =.|
[   20.990717] cloud-init[937]: |    .. o .    o.O|
         Starting /etc/rc.local Compatibility...
[   20.991367] cloud-init[937]: |     ...S... o.=+|
[   21.048611] cloud-init[937]: |    ... *+. + .o.|
[   21.050207] cloud-init[937]: |     o..o* + . o |
[   21.059247] cloud-init[937]: |      E.ooo o +  |
[   21.059745] cloud-init[937]: |       o=o   . . |
[[0;32m  OK  [0m] Started ACPI event daemon.
[   21.059955] cloud-init[937]: +----[SHA256]-----+
[   21.185596] cloud-init[937]: Generating public/private ed25519 key pair.
[   21.200519] cloud-init[937]: Your identification has been saved in /etc/ssh/ssh_host_ed25519_key.
[   21.228620]          cloud-initStarting LSB: Record successful boot for GRUB...[937]: 
Your public key has been saved in /etc/ssh/ssh_host_ed25519_key.pub.
[   21.255677]          Starting Virtualbox guest utils...
cloud-init[[0;32m  OK  [0m] Started FUSE filesystem for LXC.
         Starting Accounts Service...
[[0;32m  OK  [0m] Started Deferred execution scheduler.
[937]: [[0;32m  OK  [0m] Started D-Bus System Message Bus.
The key fingerprint is:
[   21.264045] cloud-init[937]: SHA256:R+p9+tTeHA2AYvMxzw1yI+hRCEzHxPRjlQhLb2Op8m4 root@ubuntu-xenial
[   21.281589] cloud-init[937]: The key's randomart image is:
[   21.284200] cloud-init[937]: +--[ED25519 256]--+
[   21.287547] cloud-init[937]: |     oo**o....   |
[   21.291515] cloud-init[937]: |      .o+*.+.    |
[   21.299921] cloud-init[937]: |        B ^ =    |
[   21.314714] cloud-init[937]: |       o % @ =   |
[[0;32m  OK  [0m] Started Regular background program processing daemon.
[   21.325690]          cloud-initStarting LSB: MD monitoring daemon...[937]: 
|      . S o o o  |
[   21.365690]          cloud-initStarting Pollinate to seed the pseudo random number generator...[937]: 
|       + o   . ..|
         Starting LXD - container startup/shutdown...
[   21.387468] cloud-init[937]: |        o . o ...|
[   21.418752]          cloud-initStarting Snappy daemon...[937]: 
|       .E  + . o.|
[[0;32m  OK  [0m] Started System Logging Service.
[   21.544266] cloud-init[937]: [[0;32m  OK  [0m] Started /etc/rc.local Compatibility.
|       .. ... . o|
[[0;32m  OK  [0m] Started LXD - container startup/shutdown.
[   21.584480] cloud-init[937]: +----[SHA256]-----+
[[0;32m  OK  [0m] Started Login to default iSCSI targets.
[[0;32m  OK  [0m] Started LSB: Record successful boot for GRUB.
[[0;32m  OK  [0m] Started Snappy daemon.
[[0;32m  OK  [0m] Started LSB: MD monitoring daemon.
[[0;32m  OK  [0m] Started Login Service.
         Starting Authenticate and Authorize Users to Run Privileged Tasks...
         Starting Wait until snapd is fully seeded...
[[0;32m  OK  [0m] Reached target Remote File Systems (Pre).
[[0;32m  OK  [0m] Reached target Remote File Systems.
         Starting LSB: Set the CPU Frequency Scaling governor to "ondemand"...
         Starting LSB: automatic crash report generation...
         Starting Permit User Sessions...
         Starting LSB: daemon to balance interrupts for SMP systems...
[[0;32m  OK  [0m] Started Virtualbox guest utils.
[[0;32m  OK  [0m] Started Pollinate to seed the pseudo random number generator.
[[0;32m  OK  [0m] Started Permit User Sessions.
[[0;32m  OK  [0m] Started Authenticate and Authorize Users to Run Privileged Tasks.
[[0;32m  OK  [0m] Started Accounts Service.
[[0;32m  OK  [0m] Started LSB: Set the CPU Frequency Scaling governor to "ondemand".
         Starting Terminate Plymouth Boot Screen...
         Starting Hold until boot process finishes up...
         Starting OpenBSD Secure Shell server...
[[0;32m  OK  [0m] Started LSB: automatic crash report generation.
[[0;32m  OK  [0m] Started LSB: daemon to balance interrupts for SMP systems.
[[0;32m  OK  [0m] Started Terminate Plymouth Boot Screen.
[[0;32m  OK  [0m] Started Hold until boot process finishes up.
[[0;32m  OK  [0m] Started OpenBSD Secure Shell server.
         Starting Set console scheme...
[[0;32m  OK  [0m] Started Serial Getty on ttyS0.
[[0;32m  OK  [0m] Started Getty on tty1.
[[0;32m  OK  [0m] Reached target Login Prompts.
[[0;32m  OK  [0m] Started Set console scheme.
[[0;32m  OK  [0m] Created slice User Slice of vagrant.
[[0;32m  OK  [0m] Started Session 1 of user vagrant.
         Starting User Manager for UID 1000...
[[0;32m  OK  [0m] Started User Manager for UID 1000.
         Stopping User Manager for UID 1000...
[[0;32m  OK  [0m] Stopped User Manager for UID 1000.
[[0;32m  OK  [0m] Removed slice User Slice of vagrant.
[[0;32m  OK  [0m] Created slice User Slice of vagrant.
         Starting User Manager for UID 1000...
[[0;32m  OK  [0m] Started User Manager for UID 1000.
[[0;32m  OK  [0m] Started Wait until snapd is fully seeded.
[[0;32m  OK  [0m] Started Session 2 of user vagrant.
         Starting Apply the settings specified in cloud-config...
[[0;32m  OK  [0m] Reached target Multi-User System.
[[0;32m  OK  [0m] Reached target Graphical Interface.
         Starting Update UTMP about System Runlevel Changes...
[[0;32m  OK  [0m] Started Update UTMP about System Runlevel Changes.
[   25.107557] cloud-init[1482]: Generating locales (this might take a while)...
[   26.294423] cloud-init[1482]:   en_US.UTF-8... done
[   26.297539] cloud-init[1482]: Generation complete.
[   26.774053] cloud-init[1482]: Cloud-init v. 18.3-9-g2e62cb8a-0ubuntu1~16.04.2 running 'modules:config' at Mon, 29 Oct 2018 14:50:57 +0000. Up 24.97 seconds.
[[0;32m  OK  [0m] Started Apply the settings specified in cloud-config.
         Starting Execute cloud user/final scripts...
ci-info: no authorized ssh keys fingerprints found for user ubuntu.
<14>Oct 29 14:51:00 ec2: 
<14>Oct 29 14:51:00 ec2: #############################################################
<14>Oct 29 14:51:00 ec2: -----BEGIN SSH HOST KEY FINGERPRINTS-----
<14>Oct 29 14:51:00 ec2: 1024 SHA256:fTg6HENqXjIRjKNekJftiwRVWnB+fb/yxGyw86EPQfs root@ubuntu-xenial (DSA)
<14>Oct 29 14:51:00 ec2: 256 SHA256:swWOfuu51xzJdUstr2NRzFtMDBTIgOBCh77XObcwnsI root@ubuntu-xenial (ECDSA)
<14>Oct 29 14:51:00 ec2: 256 SHA256:R+p9+tTeHA2AYvMxzw1yI+hRCEzHxPRjlQhLb2Op8m4 root@ubuntu-xenial (ED25519)
<14>Oct 29 14:51:00 ec2: 2048 SHA256:eWck4uO5+f0o12K2JFkz6b1pd+u21V45DwMhUTWPG8k root@ubuntu-xenial (RSA)
<14>Oct 29 14:51:00 ec2: -----END SSH HOST KEY FINGERPRINTS-----
<14>Oct 29 14:51:00 ec2: #############################################################
-----BEGIN SSH HOST KEY KEYS-----
ecdsa-sha2-nistp256 AAAAE2VjZHNhLXNoYTItbmlzdHAyNTYAAAAIbmlzdHAyNTYAAABBBNf1dhE/pVIfz7xOIoKOWwQs7h4SDcSKDUeMQmIp+xaqY0vUWcEyd9ebt3iAOLfe/bUtrmfK7XiJtrH++00G4do= root@ubuntu-xenial
ssh-ed25519 AAAAC3NzaC1lZDI1NTE5AAAAIDduSnXeOTxsOcouJrvWqJFfrEymTKgUDp3o1gjcYRyV root@ubuntu-xenial
ssh-rsa AAAAB3NzaC1yc2EAAAADAQABAAABAQCvm264nWPzWv84iSBaQ3+rP76+0bj+wsPY5x0DqQc2kPYwHAdj8OlpsQj8+T0ppnVzfaF9CZHneoPmXKs8ANxLoP2+KE72VsUkx2+hqTLxrs69ewnjTuUEmnvqh8fGdg2hd57Z66m3YlCk6ZAyovAyeX1jyYtvqKNzGz6usZ3pZSIYHipAku/o0tsgCAS0jGVPJV+1q3Ibum70D1gyk3wRTzohMaTH6HDxQ5SuJfXPqpUPmyfeQk3hVdkN8ER1DgTXdt/r+BiHOmsDDU4CD5rxfjSIJeG8qI3YZBgtIpZ2Ky0LBtHLIlBgoXVosF5kzJuu5pG73Z+DkvpdkHV1kNYV root@ubuntu-xenial
-----END SSH HOST KEY KEYS-----
[   27.866950] cloud-init[1759]: Cloud-init v. 18.3-9-g2e62cb8a-0ubuntu1~16.04.2 running 'modules:final' at Mon, 29 Oct 2018 14:50:59 +0000. Up 27.48 seconds.
[   27.867190] cloud-init[1759]: ci-info: no authorized ssh keys fingerprints found for user ubuntu.
[   27.867325] cloud-init[1759]: Cloud-init v. 18.3-9-g2e62cb8a-0ubuntu1~16.04.2 finished at Mon, 29 Oct 2018 14:51:00 +0000. Datasource DataSourceNoCloud [seed=/dev/sdb][dsmode=net].  Up 27.84 seconds

Ubuntu 16.04.5 LTS ubuntu-xenial ttyS0

ubuntu-xenial login: 